Unable to capture context for thread 8884 in process 9148, can not generate back trace
Unable to capture context for thread 9884 in process 9148, can not generate back trace
Unable to capture context for thread 9884 in process 9148, can not generate back trace
Exception at PC 0x00007FF9B5189E08
Exception at PC 0x00007FF98714BB93
Printing stacktrace...

Exception at PC 0x00007FF9B5189E08
Exception at PC 0x00007FF9B5189E08
Exception at PC 0x00007FF9B5189E08
Exception at PC 0x00007FF9B5189E08
Exception at PC 0x00007FF9B5189E08
Exception at PC 0x00007FF9B5189E08
Exception at PC 0x00007FF9B5189E08
Exception at PC 0x00007FF9B5189E08
Exception at PC 0x00007FF9B5189E08
Exception at PC 0x00007FF9B5189E08
Exception at PC 0x00007FF9B5189E08
Exception at PC 0x00007FF9B5189E08
Exception at PC 0x00007FF9B5189E08
Exception at PC 0x00007FF9B5189E08
Exception at PC 0x00007FF9B5189E08
Exception at PC 0x00007FF9B5189E08
[0]  [0x00007FF98714BB93]
[1]  [0x00007FF98714BB93]
[2]  [0x00007FF98714B4A1]
[3]  [0x00007FF98714B3EF]
[4]  [0x00007FF9871319FE]
[5]  [0x00007FF987130ED1]
[6]  [0x00007FF987130D76]
[7]  [0x00007FF9870D79F6]
[8]  [0x00007FF9870C7AFB]
[9]  [0x00007FF9871EE90A]
[10]  [0x00007FF987209F87]
[11]  [0x00007FF98720A05F]
[12] (BaseThreadInitThunk+0x14) [0x00007FF9B7562774]
[13] (RtlUserThreadStart+0x21) [0x00007FF9B8940D51]
Done
Exception at PC 0x00007FF9B5189E08
Exception at PC 0x00007FF9B5189E08
Exception at PC 0x00007FF9B5189E08
