Vivado Simulator 2017.2
Time resolution is 1 ps
CLK_100MHZ started
angle =           0, 0000
angle =           1, 0aaa
angle =           2, 1555
angle =           3, 2000
angle =           4, 2aaa
angle =           5, 3555
angle =           6, 4000
angle =           7, 4aaa
angle =           8, 5555
angle =           9, 6000
angle =          10, 6aaa
angle =          11, 7555
angle =          12, 8000
angle =          13, 8aaa
angle =          14, 9555
angle =          15, a000
angle =          16, aaaa
angle =          17, b555
angle =          18, c000
angle =          19, caaa
angle =          20, d555
angle =          21, e000
angle =          22, eaaa
angle =          23, f555
