#-----------------------------------------------------------
# Vivado v2017.2 (64-bit)
# SW Build 1909853 on Thu Jun 15 18:39:09 MDT 2017
# IP Build 1909766 on Thu Jun 15 19:58:00 MDT 2017
# Start of session at: Thu Dec 14 23:32:50 2017
# Process ID: 8512
# Current directory: C:/Users/maxxx924/cordic-finalversion-2
# Command line: vivado.exe -gui_launcher_event rodinguilauncherevent12092 C:\Users\maxxx924\cordic-finalversion-2\cordic-finalversion.xpr
# Log file: C:/Users/maxxx924/cordic-finalversion-2/vivado.log
# Journal file: C:/Users/maxxx924/cordic-finalversion-2\vivado.jou
#-----------------------------------------------------------
start_gui
open_project C:/Users/maxxx924/cordic-finalversion-2/cordic-finalversion.xpr
INFO: [Project 1-313] Project file moved from 'Z:/labs/cordic-finalversion' since last save.
WARNING: [Project 1-312] File not found as 'C:/Users/maxxx924/cordic-new/cordic-new.srcs/sources_1/new/hexto7seg.v'; using path 'Z:/labs/cordic-new/cordic-new.srcs/sources_1/new/hexto7seg.v' instead.
WARNING: [Project 1-312] File not found as 'C:/Users/maxxx924/cordic-new/cordic-new.srcs/sources_1/imports/cordic/cordic.v'; using path 'Z:/labs/cordic-new/cordic-new.srcs/sources_1/imports/cordic/cordic.v' instead.
WARNING: [Project 1-312] File not found as 'C:/Users/maxxx924/cordic-new/cordic-new.srcs/sources_1/new/lab8_top.v'; using path 'Z:/labs/cordic-new/cordic-new.srcs/sources_1/new/lab8_top.v' instead.
WARNING: [Project 1-312] File not found as 'C:/Users/maxxx924/cordic-new/cordic-new.srcs/constrs_1/new/lab8.xdc'; using path 'Z:/labs/cordic-new/cordic-new.srcs/constrs_1/new/lab8.xdc' instead.
WARNING: [Project 1-312] File not found as 'C:/Users/maxxx924/cordic-new/cordic-new.srcs/sim_1/imports/cordic/cordic_tb.v'; using path 'Z:/labs/cordic-new/cordic-new.srcs/sim_1/imports/cordic/cordic_tb.v' instead.
Scanning sources...
Finished scanning sources
WARNING: [Project 1-312] File not found as 'C:/Users/maxxx924/cordic-new/cordic-new.srcs/sources_1/new/hexto7seg.v'; using path 'Z:/labs/cordic-new/cordic-new.srcs/sources_1/new/hexto7seg.v' instead.
WARNING: [Project 1-312] File not found as 'C:/Users/maxxx924/cordic-new/cordic-new.srcs/sources_1/imports/cordic/cordic.v'; using path 'Z:/labs/cordic-new/cordic-new.srcs/sources_1/imports/cordic/cordic.v' instead.
WARNING: [Project 1-312] File not found as 'C:/Users/maxxx924/cordic-new/cordic-new.srcs/sources_1/new/lab8_top.v'; using path 'Z:/labs/cordic-new/cordic-new.srcs/sources_1/new/lab8_top.v' instead.
WARNING: [Project 1-312] File not found as 'C:/Users/maxxx924/cordic-new/cordic-new.srcs/constrs_1/new/lab8.xdc'; using path 'Z:/labs/cordic-new/cordic-new.srcs/constrs_1/new/lab8.xdc' instead.
WARNING: [Project 1-312] File not found as 'C:/Users/maxxx924/cordic-new/cordic-new.srcs/sources_1/new/hexto7seg.v'; using path 'Z:/labs/cordic-new/cordic-new.srcs/sources_1/new/hexto7seg.v' instead.
WARNING: [Project 1-312] File not found as 'C:/Users/maxxx924/cordic-new/cordic-new.srcs/sources_1/imports/cordic/cordic.v'; using path 'Z:/labs/cordic-new/cordic-new.srcs/sources_1/imports/cordic/cordic.v' instead.
WARNING: [Project 1-312] File not found as 'C:/Users/maxxx924/cordic-new/cordic-new.srcs/sources_1/new/lab8_top.v'; using path 'Z:/labs/cordic-new/cordic-new.srcs/sources_1/new/lab8_top.v' instead.
WARNING: [Project 1-312] File not found as 'C:/Users/maxxx924/cordic-new/cordic-new.srcs/constrs_1/new/lab8.xdc'; using path 'Z:/labs/cordic-new/cordic-new.srcs/constrs_1/new/lab8.xdc' instead.
INFO: [Project 1-230] Project 'cordic-finalversion.xpr' upgraded for this version of Vivado.
INFO: [IP_Flow 19-234] Refreshing IP repositories
INFO: [IP_Flow 19-1704] No user IP repositories specified
INFO: [IP_Flow 19-2313] Loaded Vivado IP repository 'C:/Xilinx/Vivado/2017.2/data/ip'.
update_compile_order -fileset sources_1
import_files Z:/labs/cordic-new/cordic-new.srcs/sources_1/imports/cordic/cordic.v
import_files
INFO: [filemgmt 20-348] Importing the appropriate files for fileset: 'constrs_1'
INFO: [filemgmt 20-348] Importing the appropriate files for fileset: 'sim_1'
INFO: [filemgmt 20-348] Importing the appropriate files for fileset: 'sources_1'
