Unable to capture context for thread 10112 in process 4728, can not generate back trace
Unable to capture context for thread 4472 in process 4728, can not generate back trace
Exception at PC 0x00007FFA7623BB93
Printing stacktrace...

[0]  [0x00007FFA7623BB93]
[1]  [0x00007FFA7623BB93]
[2]  [0x00007FFA7623B4A1]
[3]  [0x00007FFA7623B3EF]
[4]  [0x00007FFA762219FE]
[5]  [0x00007FFA76220ED1]
[6]  [0x00007FFA76220D76]
[7]  [0x00007FFA761C79F6]
[8]  [0x00007FFA761B7AFB]
[9]  [0x00007FFA762DE90A]
[10]  [0x00007FFA762F9F87]
[11]  [0x00007FFA762FA05F]
[12] (BaseThreadInitThunk+0x14) [0x00007FFAB0F12774]
[13] (RtlUserThreadStart+0x21) [0x00007FFAB1AC0D51]
Done
Exception at PC 0x00007FFA75F41A52
Attemped to write at address 0x00007FFA7575ABA4
Printing stacktrace...

[0]  [0x00007FFA75F41A52]
[1]  [0x00007FFA75F41A52]
[2]  [0x00007FFA75F41AD4]
[3]  [0x00007FFA76083FF7]
[4]  [0x00007FFA75F69128]
[5]  [0x00007FFA7621DFB9]
[6]  [0x00007FFA763EEF23]
[7]  [0x00007FFA762FB06B]
[8]  [0x00007FFA762F08AF]
[9]  [0x00007FFA762F0A32]
[10] (RtlDeactivateActivationContextUnsafeFast+0x1af) [0x00007FFAB1A7485F]
[11] (LdrShutdownProcess+0x12c) [0x00007FFAB1A9D43C]
[12] (RtlExitUserProcess+0xb4) [0x00007FFAB1A9D2F4]
[13] (FatalExit+0xa) [0x00007FFAB0F1C0DA]
[14] (exit+0x75) [0x00007FFAB19EA045]
[15] (initterm_e+0x21d) [0x00007FFAB19EA68D]
[16]  [0x00000000004014CD]
[17]  [0x000000000040151B]
[18] (BaseThreadInitThunk+0x14) [0x00007FFAB0F12774]
[19] (RtlUserThreadStart+0x21) [0x00007FFAB1AC0D51]
Done
